<?xml version="1.0" encoding="UTF-8"?>
<!-- Generated by org.testng.reporters.JUnitXMLReporter -->
<testsuite ignored="0" hostname="LAPTOP-SNB50MKR" failures="3" tests="10" name="FirefoxTest" time="55.403" errors="0" timestamp="2023-09-07T17:25:50 IST">
  <testcase classname="com.swagslabs.testscripts.LoginPageTest2" name="verifyFunctionalityOfLoginBtnWithvalidUsernameAndvalidPassword" time="0.939"/>
  <testcase classname="com.swagslabs.testscripts.LoginPageTest2" name="verifyFunctionalityOfLoginBtnWithvalidUsernameAndvalidPassword" time="0.457">
    <failure type="java.lang.AssertionError" message="Test script failed as Products label is not visible expected [true] but found [false]">
      <![CDATA[java.lang.AssertionError: Test script failed as Products label is not visible expected [true] but found [false]
at com.swagslabs.testscripts.LoginPageTest2.verifyFunctionalityOfLoginBtnWithvalidUsernameAndvalidPassword(LoginPageTest2.java:52)
at java.base/java.util.ArrayList.forEach(ArrayList.java:1511)
at java.base/java.util.concurrent.FutureTask.run(FutureTask.java:264)
at java.base/java.util.concurrent.ThreadPoolExecutor.runWorker(ThreadPoolExecutor.java:1136)
at java.base/java.util.concurrent.ThreadPoolExecutor$Worker.run(ThreadPoolExecutor.java:635)
at java.base/java.lang.Thread.run(Thread.java:833)
... Removed 21 stack frames]]>
    </failure>
  </testcase> <!-- verifyFunctionalityOfLoginBtnWithvalidUsernameAndvalidPassword -->
  <testcase classname="com.swagslabs.testscripts.LoginPageTest2" name="verifyFunctionalityOfLoginBtnWithvalidUsernameAndvalidPassword" time="0.516"/>
  <testcase classname="com.swagslabs.testscripts.LoginPageTest2" name="verifyFunctionalityOfLoginBtnWithvalidUsernameAndvalidPassword" time="0.529"/>
  <testcase classname="com.swagslabs.testscripts.LoginPageTest2" name="verifyFunctionalityOfLoginBtnWithvalidUsernameAndvalidPassword" time="0.49"/>
  <testcase classname="com.swagslabs.testscripts.LoginPageTest2" name="verifyFunctionalityOfLoginBtnWithvalidUsernameAndvalidPassword" time="0.483"/>
  <testcase classname="com.swagslabs.testscripts.LoginPageTest2" name="verifyFunctionalityOfLoginBtnWithvalidUsernameAndvalidPassword" time="0.49"/>
  <testcase classname="com.swagslabs.testscripts.LoginPageTest2" name="verifyFunctionalityOfLoginBtnWithvalidUsernameAndvalidPassword" time="0.508"/>
  <testcase classname="com.swagslabs.testscripts.LoginPageTest2" name="verifyFunctionalityOfLoginBtnWithvalidUsernameAndvalidPassword" time="0.444">
    <failure type="java.lang.AssertionError" message="Test script failed as Products label is not visible expected [true] but found [false]">
      <![CDATA[java.lang.AssertionError: Test script failed as Products label is not visible expected [true] but found [false]
at com.swagslabs.testscripts.LoginPageTest2.verifyFunctionalityOfLoginBtnWithvalidUsernameAndvalidPassword(LoginPageTest2.java:52)
at java.base/java.util.ArrayList.forEach(ArrayList.java:1511)
at java.base/java.util.concurrent.FutureTask.run(FutureTask.java:264)
at java.base/java.util.concurrent.ThreadPoolExecutor.runWorker(ThreadPoolExecutor.java:1136)
at java.base/java.util.concurrent.ThreadPoolExecutor$Worker.run(ThreadPoolExecutor.java:635)
at java.base/java.lang.Thread.run(Thread.java:833)
... Removed 21 stack frames]]>
    </failure>
  </testcase> <!-- verifyFunctionalityOfLoginBtnWithvalidUsernameAndvalidPassword -->
  <testcase classname="com.swagslabs.testscripts.LoginPageTest2" name="verifyFunctionalityOfLoginBtnWithvalidUsernameAndvalidPassword" time="0.421">
    <failure type="java.lang.AssertionError" message="Test script failed as Products label is not visible expected [true] but found [false]">
      <![CDATA[java.lang.AssertionError: Test script failed as Products label is not visible expected [true] but found [false]
at com.swagslabs.testscripts.LoginPageTest2.verifyFunctionalityOfLoginBtnWithvalidUsernameAndvalidPassword(LoginPageTest2.java:52)
at java.base/java.util.ArrayList.forEach(ArrayList.java:1511)
at java.base/java.util.concurrent.FutureTask.run(FutureTask.java:264)
at java.base/java.util.concurrent.ThreadPoolExecutor.runWorker(ThreadPoolExecutor.java:1136)
at java.base/java.util.concurrent.ThreadPoolExecutor$Worker.run(ThreadPoolExecutor.java:635)
at java.base/java.lang.Thread.run(Thread.java:833)
... Removed 21 stack frames]]>
    </failure>
  </testcase> <!-- verifyFunctionalityOfLoginBtnWithvalidUsernameAndvalidPassword -->
</testsuite> <!-- FirefoxTest -->
