<?xml version="1.0" encoding="UTF-8"?>
<!-- Generated by org.testng.reporters.JUnitXMLReporter -->
<testsuite ignored="0" hostname="LAPTOP-SNB50MKR" failures="3" tests="10" name="performance" time="33.029" errors="0" timestamp="2023-07-15T22:15:09 IST">
  <testcase classname="com.swagslabs.testscripts.LoginPageTest2" name="verifyFunctionalityOfLoginBtnWithvalidUsernameAndvalidPassword" time="0.495"/>
  <testcase classname="com.swagslabs.testscripts.LoginPageTest2" name="verifyFunctionalityOfLoginBtnWithvalidUsernameAndvalidPassword" time="0.374">
    <failure type="java.lang.AssertionError" message="Test script failed as Products label is not visible expected [true] but found [false]">
      <![CDATA[java.lang.AssertionError: Test script failed as Products label is not visible expected [true] but found [false]
at com.swagslabs.testscripts.LoginPageTest2.verifyFunctionalityOfLoginBtnWithvalidUsernameAndvalidPassword(LoginPageTest2.java:52)
at java.base/java.util.ArrayList.forEach(ArrayList.java:1511)
at java.base/java.util.concurrent.FutureTask.run(FutureTask.java:264)
at java.base/java.util.concurrent.ThreadPoolExecutor.runWorker(ThreadPoolExecutor.java:1136)
at java.base/java.util.concurrent.ThreadPoolExecutor$Worker.run(ThreadPoolExecutor.java:635)
at java.base/java.lang.Thread.run(Thread.java:833)
... Removed 21 stack frames]]>
    </failure>
  </testcase> <!-- verifyFunctionalityOfLoginBtnWithvalidUsernameAndvalidPassword -->
  <testcase classname="com.swagslabs.testscripts.LoginPageTest2" name="verifyFunctionalityOfLoginBtnWithvalidUsernameAndvalidPassword" time="0.419"/>
  <testcase classname="com.swagslabs.testscripts.LoginPageTest2" name="verifyFunctionalityOfLoginBtnWithvalidUsernameAndvalidPassword" time="0.451"/>
  <testcase classname="com.swagslabs.testscripts.LoginPageTest2" name="verifyFunctionalityOfLoginBtnWithvalidUsernameAndvalidPassword" time="0.51"/>
  <testcase classname="com.swagslabs.testscripts.LoginPageTest2" name="verifyFunctionalityOfLoginBtnWithvalidUsernameAndvalidPassword" time="0.404"/>
  <testcase classname="com.swagslabs.testscripts.LoginPageTest2" name="verifyFunctionalityOfLoginBtnWithvalidUsernameAndvalidPassword" time="0.696"/>
  <testcase classname="com.swagslabs.testscripts.LoginPageTest2" name="verifyFunctionalityOfLoginBtnWithvalidUsernameAndvalidPassword" time="0.388"/>
  <testcase classname="com.swagslabs.testscripts.LoginPageTest2" name="verifyFunctionalityOfLoginBtnWithvalidUsernameAndvalidPassword" time="0.449">
    <failure type="java.lang.AssertionError" message="Test script failed as Products label is not visible expected [true] but found [false]">
      <![CDATA[java.lang.AssertionError: Test script failed as Products label is not visible expected [true] but found [false]
at com.swagslabs.testscripts.LoginPageTest2.verifyFunctionalityOfLoginBtnWithvalidUsernameAndvalidPassword(LoginPageTest2.java:52)
at java.base/java.util.ArrayList.forEach(ArrayList.java:1511)
at java.base/java.util.concurrent.FutureTask.run(FutureTask.java:264)
at java.base/java.util.concurrent.ThreadPoolExecutor.runWorker(ThreadPoolExecutor.java:1136)
at java.base/java.util.concurrent.ThreadPoolExecutor$Worker.run(ThreadPoolExecutor.java:635)
at java.base/java.lang.Thread.run(Thread.java:833)
... Removed 21 stack frames]]>
    </failure>
  </testcase> <!-- verifyFunctionalityOfLoginBtnWithvalidUsernameAndvalidPassword -->
  <testcase classname="com.swagslabs.testscripts.LoginPageTest2" name="verifyFunctionalityOfLoginBtnWithvalidUsernameAndvalidPassword" time="0.53">
    <failure type="java.lang.AssertionError" message="Test script failed as Products label is not visible expected [true] but found [false]">
      <![CDATA[java.lang.AssertionError: Test script failed as Products label is not visible expected [true] but found [false]
at com.swagslabs.testscripts.LoginPageTest2.verifyFunctionalityOfLoginBtnWithvalidUsernameAndvalidPassword(LoginPageTest2.java:52)
at java.base/java.util.ArrayList.forEach(ArrayList.java:1511)
at java.base/java.util.concurrent.FutureTask.run(FutureTask.java:264)
at java.base/java.util.concurrent.ThreadPoolExecutor.runWorker(ThreadPoolExecutor.java:1136)
at java.base/java.util.concurrent.ThreadPoolExecutor$Worker.run(ThreadPoolExecutor.java:635)
at java.base/java.lang.Thread.run(Thread.java:833)
... Removed 21 stack frames]]>
    </failure>
  </testcase> <!-- verifyFunctionalityOfLoginBtnWithvalidUsernameAndvalidPassword -->
</testsuite> <!-- performance -->
